

> @streetmp-os/web@0.1.0 build
> next build

   [1m[38;2;173;127;168m▲ Next.js 15.5.14[39m[22m
   - Environments: .env.local

 [37m[1m [22m[39m Creating an optimized production build ...
 [32m[1m✓[22m[39m Compiled successfully in 7.4s
[?25l [37m[1m [22m[39m Linting and checking validity of types  [36m.[39m[2K[1G[1A[2K[1G [37m[1m [22m[39m Linting and checking validity of types  [36m..[39m[2K[1G[1A[2K[1G [37m[1m [22m[39m Linting and checking validity of types  [36m...[39m[2K[1G[1A[2K[1G [37m[1m [22m[39m Linting and checking validity of types  [36m.[39m[2K[1G[1A[2K[1G [37m[1m [22m[39m Linting and checking validity of types  [36m..[39m[2K[1G[1A[2K[1G [37m[1m [22m[39m Linting and checking validity of types  [36m...[39m[2K[1G[1A[2K[1G [37m[1m [22m[39m Linting and checking validity of types  [36m.[39m[2K[1G[1A[2K[1G [37m[1m [22m[39m Linting and checking validity of types  [36m..[39m[2K[1G[1A[2K[1G [37m[1m [22m[39m Linting and checking validity of types  [36m...[39m[2K[1G[1A[2K[1G [37m[1m [22m[39m Linting and checking validity of types  [36m.[39m[2K[1G[1A[2K[1G [37m[1m [22m[39m Linting and checking validity of types  [36m..[39m[2K[1G[1A[2K[1G [37m[1m [22m[39m Linting and checking validity of types  [36m...[39m[2K[1G[1A[2K[1G [37m[1m [22m[39m Linting and checking validity of types  [36m.[39m[2K[1G[1A[2K[1G [37m[1m [22m[39m Linting and checking validity of types  [36m..[39m[2K[1G[1A[2K[1G [37m[1m [22m[39m Linting and checking validity of types  [36m...[39m[2K[1G[1A[2K[1G [37m[1m [22m[39m Linting and checking validity of types  [36m.[39m[2K[1G[1A[2K[1G [37m[1m [22m[39m Linting and checking validity of types  [36m..[39m[2K[1G[1A[2K[1G [37m[1m [22m[39m Linting and checking validity of types  [36m...[39m[2K[1G[1A[2K[1G [37m[1m [22m[39m Linting and checking validity of types  [36m.[39m[2K[1G[1A[2K[1G [37m[1m [22m[39m Linting and checking validity of types  [36m..[39m[2K[1G[1A[2K[1G [37m[1m [22m[39m Linting and checking validity of types  [36m...[39m[2K[1G[1A[2K[1G [37m[1m [22m[39m Linting and checking validity of types  [36m.[39m[2K[1G[1A[2K[1G [37m[1m [22m[39m Linting and checking validity of types  [36m..[39m[2K[1G[1A[2K[1G [37m[1m [22m[39m Linting and checking validity of types  [36m...[39m[2K[1G[1A[2K[1G [37m[1m [22m[39m Linting and checking validity of types  [36m.[39m[2K[1G[1A[2K[1G [37m[1m [22m[39m Linting and checking validity of types  [36m..[39m[2K[1G[1A[2K[1G [37m[1m [22m[39m Linting and checking validity of types  [36m...[39m[2K[1G[1A[2K[1G [37m[1m [22m[39m Linting and checking validity of types  [36m.[39m[2K[1G[1A[2K[1G [37m[1m [22m[39m Linting and checking validity of types  [36m..[39m[2K[1G[1A[2K[1G [37m[1m [22m[39m Linting and checking validity of types  [36m...[39m[2K[1G[1A[2K[1G [37m[1m [22m[39m Linting and checking validity of types  [36m.[39m[2K[1G[1A[2K[1G [37m[1m [22m[39m Linting and checking validity of types  [36m..[39m[2K[1G[1A[2K[1G [37m[1m [22m[39m Linting and checking validity of types  [36m...[39m[2K[1G[1A[2K[1G [37m[1m [22m[39m Linting and checking validity of types  [36m.[39m[2K[1G[1A[2K[1G [37m[1m [22m[39m Linting and checking validity of types  [36m..[39m[2K[1G[1A[2K[1G [37m[1m [22m[39m Linting and checking validity of types  [36m...[39m[2K[1G[1A[2K[1G [37m[1m [22m[39m Linting and checking validity of types  [36m.[39m[2K[1G[1A[2K[1G [37m[1m [22m[39m Linting and checking validity of types  [36m..[39m[2K[1G[1A[2K[1G [37m[1m [22m[39m Linting and checking validity of types  [36m...[39m[2K[1G[1A[2K[1G [37m[1m [22m[39m Linting and checking validity of types  [36m.[39m[2K[1G[1A[2K[1G [37m[1m [22m[39m Linting and checking validity of types  [36m..[39m[2K[1G[1A[2K[1G [37m[1m [22m[39m Linting and checking validity of types  [36m...[39m[2K[1G[1A[2K[1G [37m[1m [22m[39m Linting and checking validity of types  [36m.[39m[2K[1G[1A[2K[1G [37m[1m [22m[39m Linting and checking validity of types  [36m..[39m[2K[1G[1A[2K[1G [37m[1m [22m[39m Linting and checking validity of types  [36m...[39m[2K[1G[1A[2K[1G [37m[1m [22m[39m Linting and checking validity of types  [36m.[39m[2K[1G[1A[2K[1G [37m[1m [22m[39m Linting and checking validity of types  [36m..[39m[2K[1G[1A[2K[1G [37m[1m [22m[39m Linting and checking validity of types  [36m...[39m[2K[1G[1A[2K[1G [37m[1m [22m[39m Linting and checking validity of types  [36m.[39m[2K[1G[1A[2K[1G [37m[1m [22m[39m Linting and checking validity of types  [36m..[39m[2K[1G[1A[2K[1G [37m[1m [22m[39m Linting and checking validity of types  [36m...[39m[2K[1G[1A[2K[1G [37m[1m [22m[39m Linting and checking validity of types  [36m.[39m[2K[1G[1A[2K[1G [37m[1m [22m[39m Linting and checking validity of types  [36m..[39m[2K[1G[1A[2K[1G [37m[1m [22m[39m Linting and checking validity of types  [36m...[39m[2K[1G[1A[2K[1G [37m[1m [22m[39m Linting and checking validity of types  [36m.[39m[2K[1G[1A[2K[1G [37m[1m [22m[39m Linting and checking validity of types  [36m..[39m[2K[1G[1A[2K[1G [37m[1m [22m[39m Linting and checking validity of types  [36m...[39m[2K[1G[1A[2K[1G [37m[1m [22m[39m Linting and checking validity of types  [36m.[39m[2K[1G[1A[2K[1G [37m[1m [22m[39m Linting and checking validity of types  [36m..[39m[2K[1G[1A[2K[1G [37m[1m [22m[39m Linting and checking validity of types  [36m...[39m[2K[1G[1A[2K[1G [37m[1m [22m[39m Linting and checking validity of types  [36m.[39m[2K[1G[1A[2K[1G [37m[1m [22m[39m Linting and checking validity of types  [36m..[39m[2K[1G[1A[2K[1G [37m[1m [22m[39m Linting and checking validity of types  [36m...[39m[2K[1G[1A[2K[1G [37m[1m [22m[39m Linting and checking validity of types  [36m.[39m[2K[1G[1A[2K[1G [37m[1m [22m[39m Linting and checking validity of types  [36m..[39m[2K[1G[1A[2K[1G [37m[1m [22m[39m Linting and checking validity of types  [36m...[39m[2K[1G[1A[2K[1G [37m[1m [22m[39m Linting and checking validity of types  [36m.[39m[2K[1G[1A[2K[1G [37m[1m [22m[39m Linting and checking validity of types  [36m..[39m[2K[1G[1A[2K[1G [37m[1m [22m[39m Linting and checking validity of types  [36m...[39m[2K[1G[1A[2K[1G [37m[1m [22m[39m Linting and checking validity of types  [36m.[39m[2K[1G[1A[2K[1G [37m[1m [22m[39m Linting and checking validity of types  [36m..[39m[2K[1G[1A[2K[1G [37m[1m [22m[39m Linting and checking validity of types  [36m...[39m[2K[1G[1A[2K[1G [37m[1m [22m[39m Linting and checking validity of types  [36m.[39m[2K[1G[1A[2K[1G [37m[1m [22m[39m Linting and checking validity of types  [36m..[39m[2K[1G[1A[2K[1G[?25h [37m[1m [22m[39m Linting and checking validity of types     [32m[1m✓[22m[39m Linting and checking validity of types 
[?25l [37m[1m [22m[39m Collecting page data  [36m.[39m[2K[1G[1A[2K[1G [37m[1m [22m[39m Collecting page data  [36m..[39m[2K[1G[1A[2K[1G [37m[1m [22m[39m Collecting page data  [36m...[39m[2K[1G[1A[2K[1G [37m[1m [22m[39m Collecting page data  [36m.[39m[2K[1G[1A[2K[1G [37m[1m [22m[39m Collecting page data  [36m..[39m[2K[1G[1A[2K[1G [37m[1m [22m[39m Collecting page data  [36m...[39m[2K[1G[1A[2K[1G [37m[1m [22m[39m Collecting page data  [36m.[39m[2K[1G[1A[2K[1G [37m[1m [22m[39m Collecting page data  [36m..[39m[2K[1G[1A[2K[1G [37m[1m [22m[39m Collecting page data  [36m...[39m[2K[1G[1A[2K[1G [37m[1m [22m[39m Collecting page data  [36m.[39m[2K[1G[1A[2K[1G[?25h [37m[1m [22m[39m Collecting page data     [32m[1m✓[22m[39m Collecting page data 
[?25l [37m[1m [22m[39m Generating static pages (0/81)  [36m[    ][39m[2K[1G[1A[2K[1G [37m[1m [22m[39m Generating static pages (0/81)  [36m[=   ][39m[2K[1G[1A[2K[1G [37m[1m [22m[39m Generating static pages (0/81)  [36m[==  ][39m[2K[1G[1A[2K[1G [37m[1m [22m[39m Generating static pages (0/81)  [36m[=== ][39m[2K[1G[1A[2K[1G [37m[1m [22m[39m Generating static pages (0/81)  [36m[ ===][39m[2K[1G[1A[2K[1G [37m[1m [22m[39m Generating static pages (0/81)  [36m[  ==][39m[2K[1G[1A[2K[1G [37m[1m [22m[39m Generating static pages (4/81)  [36m[   =][39m[2K[1G[1A[2K[1G [37m[1m [22m[39m Generating static pages (8/81)  [36m[    ][39m[2K[1G[1A[2K[1G [37m[1m [22m[39m Generating static pages (32/81)  [36m[   =][39m[2K[1G[1A[2K[1G [37m[1m [22m[39m Generating static pages (42/81)  [36m[  ==][39m[2K[1G[1A[2K[1G [37m[1m [22m[39m Generating static pages (55/81)  [36m[ ===][39m[2K[1G[1A[2K[1G[?25h [32m[1m✓[22m[39m Generating static pages (81/81)
[?25l [37m[1m [22m[39m Finalizing page optimization  [36m.[39m[?25l [37m[1m [22m[39m Collecting build traces  [36m.[39m[2K[1G[1A[2K[1G [37m[1m [22m[39m Finalizing page optimization  [36m..[39m[2K[1G[1A[2K[1G [37m[1m [22m[39m Collecting build traces  [36m..[39m[2K[1G[1A[2K[1G [37m[1m [22m[39m Finalizing page optimization  [36m...[39m[2K[1G[1A[2K[1G [37m[1m [22m[39m Collecting build traces  [36m...[39m[2K[1G[1A[2K[1G [37m[1m [22m[39m Finalizing page optimization  [36m.[39m[2K[1G[1A[2K[1G [37m[1m [22m[39m Collecting build traces  [36m.[39m[2K[1G[1A[2K[1G [37m[1m [22m[39m Finalizing page optimization  [36m..[39m[2K[1G[1A[2K[1G [37m[1m [22m[39m Collecting build traces  [36m..[39m[2K[1G[1A[2K[1G [37m[1m [22m[39m Finalizing page optimization  [36m...[39m[2K[1G[1A[2K[1G [37m[1m [22m[39m Collecting build traces  [36m...[39m[2K[1G[1A[2K[1G [37m[1m [22m[39m Finalizing page optimization  [36m.[39m[2K[1G[1A[2K[1G [37m[1m [22m[39m Collecting build traces  [36m.[39m[2K[1G[1A[2K[1G [37m[1m [22m[39m Finalizing page optimization  [36m..[39m[2K[1G[1A[2K[1G [37m[1m [22m[39m Collecting build traces  [36m..[39m[2K[1G[1A[2K[1G [37m[1m [22m[39m Finalizing page optimization  [36m...[39m[2K[1G[1A[2K[1G [37m[1m [22m[39m Collecting build traces  [36m...[39m[2K[1G[1A[2K[1G [37m[1m [22m[39m Finalizing page optimization  [36m.[39m[2K[1G[1A[2K[1G [37m[1m [22m[39m Collecting build traces  [36m.[39m[2K[1G[1A[2K[1G [37m[1m [22m[39m Finalizing page optimization  [36m..[39m[2K[1G[1A[2K[1G [37m[1m [22m[39m Collecting build traces  [36m..[39m[2K[1G[1A[2K[1G [37m[1m [22m[39m Finalizing page optimization  [36m...[39m[2K[1G[1A[2K[1G [37m[1m [22m[39m Collecting build traces  [36m...[39m[2K[1G[1A[2K[1G [37m[1m [22m[39m Finalizing page optimization  [36m.[39m[2K[1G[1A[2K[1G [37m[1m [22m[39m Collecting build traces  [36m.[39m[2K[1G[1A[2K[1G [37m[1m [22m[39m Finalizing page optimization  [36m..[39m[2K[1G[1A[2K[1G [37m[1m [22m[39m Collecting build traces  [36m..[39m[2K[1G[1A[2K[1G [37m[1m [22m[39m Finalizing page optimization  [36m...[39m[2K[1G[1A[2K[1G [37m[1m [22m[39m Collecting build traces  [36m...[39m[2K[1G[1A[2K[1G [37m[1m [22m[39m Finalizing page optimization  [36m.[39m[2K[1G[1A[2K[1G [37m[1m [22m[39m Collecting build traces  [36m.[39m[2K[1G[1A[2K[1G [37m[1m [22m[39m Finalizing page optimization  [36m..[39m[2K[1G[1A[2K[1G [37m[1m [22m[39m Collecting build traces  [36m..[39m[2K[1G[1A[2K[1G [37m[1m [22m[39m Finalizing page optimization  [36m...[39m[2K[1G[1A[2K[1G [37m[1m [22m[39m Collecting build traces  [36m...[39m[2K[1G[1A[2K[1G [37m[1m [22m[39m Finalizing page optimization  [36m.[39m[2K[1G[1A[2K[1G [37m[1m [22m[39m Collecting build traces  [36m.[39m[2K[1G[1A[2K[1G [37m[1m [22m[39m Finalizing page optimization  [36m..[39m[2K[1G[1A[2K[1G [37m[1m [22m[39m Collecting build traces  [36m..[39m[2K[1G[1A[2K[1G [37m[1m [22m[39m Finalizing page optimization  [36m...[39m[2K[1G[1A[2K[1G [37m[1m [22m[39m Collecting build traces  [36m...[39m[2K[1G[1A[2K[1G [37m[1m [22m[39m Finalizing page optimization  [36m.[39m[2K[1G[1A[2K[1G [37m[1m [22m[39m Collecting build traces  [36m.[39m[2K[1G[1A[2K[1G [37m[1m [22m[39m Finalizing page optimization  [36m..[39m[2K[1G[1A[2K[1G [37m[1m [22m[39m Collecting build traces  [36m..[39m[2K[1G[1A[2K[1G [37m[1m [22m[39m Finalizing page optimization  [36m...[39m[2K[1G[1A[2K[1G [37m[1m [22m[39m Collecting build traces  [36m...[39m[2K[1G[1A[2K[1G [37m[1m [22m[39m Finalizing page optimization  [36m.[39m[2K[1G[1A[2K[1G [37m[1m [22m[39m Collecting build traces  [36m.[39m[2K[1G[1A[2K[1G [37m[1m [22m[39m Finalizing page optimization  [36m..[39m[2K[1G[1A[2K[1G [37m[1m [22m[39m Collecting build traces  [36m..[39m[2K[1G[1A[2K[1G [37m[1m [22m[39m Finalizing page optimization  [36m...[39m[2K[1G[1A[2K[1G [37m[1m [22m[39m Collecting build traces  [36m...[39m[2K[1G[1A[2K[1G [37m[1m [22m[39m Finalizing page optimization  [36m.[39m[2K[1G[1A[2K[1G [37m[1m [22m[39m Collecting build traces  [36m.[39m[2K[1G[1A[2K[1G [37m[1m [22m[39m Finalizing page optimization  [36m..[39m[2K[1G[1A[2K[1G [37m[1m [22m[39m Collecting build traces  [36m..[39m[2K[1G[1A[2K[1G [37m[1m [22m[39m Finalizing page optimization  [36m...[39m[2K[1G[1A[2K[1G [37m[1m [22m[39m Collecting build traces  [36m...[39m[2K[1G[1A[2K[1G [37m[1m [22m[39m Finalizing page optimization  [36m.[39m[2K[1G[1A[2K[1G [37m[1m [22m[39m Collecting build traces  [36m.[39m[2K[1G[1A[2K[1G [37m[1m [22m[39m Finalizing page optimization  [36m..[39m[2K[1G[1A[2K[1G [37m[1m [22m[39m Collecting build traces  [36m..[39m[2K[1G[1A[2K[1G [37m[1m [22m[39m Finalizing page optimization  [36m...[39m[2K[1G[1A[2K[1G [37m[1m [22m[39m Collecting build traces  [36m...[39m[2K[1G[1A[2K[1G [37m[1m [22m[39m Finalizing page optimization  [36m.[39m[2K[1G[1A[2K[1G [37m[1m [22m[39m Collecting build traces  [36m.[39m[2K[1G[1A[2K[1G [37m[1m [22m[39m Finalizing page optimization  [36m..[39m[2K[1G[1A[2K[1G [37m[1m [22m[39m Collecting build traces  [36m..[39m[2K[1G[1A[2K[1G [37m[1m [22m[39m Finalizing page optimization  [36m...[39m[2K[1G[1A[2K[1G [37m[1m [22m[39m Collecting build traces  [36m...[39m[2K[1G[1A[2K[1G [37m[1m [22m[39m Finalizing page optimization  [36m.[39m[2K[1G[1A[2K[1G [37m[1m [22m[39m Collecting build traces  [36m.[39m[2K[1G[1A[2K[1G [37m[1m [22m[39m Finalizing page optimization  [36m..[39m[2K[1G[1A[2K[1G [37m[1m [22m[39m Collecting build traces  [36m..[39m[2K[1G[1A[2K[1G [37m[1m [22m[39m Finalizing page optimization  [36m...[39m[2K[1G[1A[2K[1G [37m[1m [22m[39m Collecting build traces  [36m...[39m[2K[1G[1A[2K[1G [37m[1m [22m[39m Finalizing page optimization  [36m.[39m[2K[1G[1A[2K[1G [37m[1m [22m[39m Collecting build traces  [36m.[39m[2K[1G[1A[2K[1G [37m[1m [22m[39m Finalizing page optimization  [36m..[39m[2K[1G[1A[2K[1G [37m[1m [22m[39m Collecting build traces  [36m..[39m[2K[1G[1A[2K[1G [37m[1m [22m[39m Finalizing page optimization  [36m...[39m[2K[1G[1A[2K[1G [37m[1m [22m[39m Collecting build traces  [36m...[39m[2K[1G[1A[2K[1G [37m[1m [22m[39m Finalizing page optimization  [36m.[39m[2K[1G[1A[2K[1G [37m[1m [22m[39m Collecting build traces  [36m.[39m[2K[1G[1A[2K[1G [37m[1m [22m[39m Finalizing page optimization  [36m..[39m[2K[1G[1A[2K[1G [37m[1m [22m[39m Collecting build traces  [36m..[39m[2K[1G[1A[2K[1G [37m[1m [22m[39m Finalizing page optimization  [36m...[39m[2K[1G[1A[2K[1G [37m[1m [22m[39m Collecting build traces  [36m...[39m[2K[1G[1A[2K[1G [37m[1m [22m[39m Finalizing page optimization  [36m.[39m[2K[1G[1A[2K[1G [37m[1m [22m[39m Collecting build traces  [36m.[39m[2K[1G[1A[2K[1G [37m[1m [22m[39m Finalizing page optimization  [36m..[39m[2K[1G[1A[2K[1G [37m[1m [22m[39m Collecting build traces  [36m..[39m[2K[1G[1A[2K[1G [37m[1m [22m[39m Finalizing page optimization  [36m...[39m[2K[1G[1A[2K[1G [37m[1m [22m[39m Collecting build traces  [36m...[39m[2K[1G[1A[2K[1G [37m[1m [22m[39m Finalizing page optimization  [36m.[39m[2K[1G[1A[2K[1G [37m[1m [22m[39m Collecting build traces  [36m.[39m[2K[1G[1A[2K[1G [37m[1m [22m[39m Finalizing page optimization  [36m..[39m[2K[1G[1A[2K[1G [37m[1m [22m[39m Collecting build traces  [36m..[39m[2K[1G[1A[2K[1G [37m[1m [22m[39m Finalizing page optimization  [36m...[39m[2K[1G[1A[2K[1G [37m[1m [22m[39m Collecting build traces  [36m...[39m[2K[1G[1A[2K[1G [37m[1m [22m[39m Finalizing page optimization  [36m.[39m[2K[1G[1A[2K[1G [37m[1m [22m[39m Collecting build traces  [36m.[39m[2K[1G[1A[2K[1G [37m[1m [22m[39m Finalizing page optimization  [36m..[39m[2K[1G[1A[2K[1G [37m[1m [22m[39m Collecting build traces  [36m..[39m[2K[1G[1A[2K[1G [37m[1m [22m[39m Finalizing page optimization  [36m...[39m[2K[1G[1A[2K[1G [37m[1m [22m[39m Collecting build traces  [36m...[39m[2K[1G[1A[2K[1G [37m[1m [22m[39m Finalizing page optimization  [36m.[39m[2K[1G[1A[2K[1G [37m[1m [22m[39m Collecting build traces  [36m.[39m[2K[1G[1A[2K[1G [37m[1m [22m[39m Finalizing page optimization  [36m..[39m[2K[1G[1A[2K[1G [37m[1m [22m[39m Collecting build traces  [36m..[39m[2K[1G[1A[2K[1G [37m[1m [22m[39m Finalizing page optimization  [36m...[39m[2K[1G[1A[2K[1G [37m[1m [22m[39m Collecting build traces  [36m...[39m[2K[1G[1A[2K[1G [37m[1m [22m[39m Finalizing page optimization  [36m.[39m[2K[1G[1A[2K[1G [37m[1m [22m[39m Collecting build traces  [36m.[39m[2K[1G[1A[2K[1G [37m[1m [22m[39m Finalizing page optimization  [36m..[39m[2K[1G[1A[2K[1G [37m[1m [22m[39m Collecting build traces  [36m..[39m[2K[1G[1A[2K[1G [37m[1m [22m[39m Finalizing page optimization  [36m...[39m[2K[1G[1A[2K[1G [37m[1m [22m[39m Collecting build traces  [36m...[39m[2K[1G[1A[2K[1G [37m[1m [22m[39m Finalizing page optimization  [36m.[39m[2K[1G[1A[2K[1G [37m[1m [22m[39m Collecting build traces  [36m.[39m[2K[1G[1A[2K[1G [37m[1m [22m[39m Finalizing page optimization  [36m..[39m[2K[1G[1A[2K[1G [37m[1m [22m[39m Collecting build traces  [36m..[39m[2K[1G[1A[2K[1G [37m[1m [22m[39m Finalizing page optimization  [36m...[39m[2K[1G[1A[2K[1G [37m[1m [22m[39m Collecting build traces  [36m...[39m[2K[1G[1A[2K[1G [37m[1m [22m[39m Finalizing page optimization  [36m.[39m[2K[1G[1A[2K[1G [37m[1m [22m[39m Collecting build traces  [36m.[39m[2K[1G[1A[2K[1G [37m[1m [22m[39m Finalizing page optimization  [36m..[39m[2K[1G[1A[2K[1G [37m[1m [22m[39m Collecting build traces  [36m..[39m[2K[1G[1A[2K[1G [37m[1m [22m[39m Finalizing page optimization  [36m...[39m[2K[1G[1A[2K[1G [37m[1m [22m[39m Collecting build traces  [36m...[39m[2K[1G[1A[2K[1G [37m[1m [22m[39m Finalizing page optimization  [36m.[39m[2K[1G[1A[2K[1G [37m[1m [22m[39m Collecting build traces  [36m.[39m[2K[1G[1A[2K[1G [37m[1m [22m[39m Finalizing page optimization  [36m..[39m[2K[1G[1A[2K[1G [37m[1m [22m[39m Collecting build traces  [36m..[39m[2K[1G[1A[2K[1G [37m[1m [22m[39m Finalizing page optimization  [36m...[39m[2K[1G[1A[2K[1G [37m[1m [22m[39m Collecting build traces  [36m...[39m[2K[1G[1A[2K[1G [37m[1m [22m[39m Finalizing page optimization  [36m.[39m[2K[1G[1A[2K[1G [37m[1m [22m[39m Collecting build traces  [36m.[39m[2K[1G[1A[2K[1G [37m[1m [22m[39m Finalizing page optimization  [36m..[39m[2K[1G[1A[2K[1G [37m[1m [22m[39m Collecting build traces  [36m..[39m[2K[1G[1A[2K[1G [37m[1m [22m[39m Finalizing page optimization  [36m...[39m[2K[1G[1A[2K[1G [37m[1m [22m[39m Collecting build traces  [36m...[39m[2K[1G[1A[2K[1G [37m[1m [22m[39m Finalizing page optimization  [36m.[39m[2K[1G[1A[2K[1G [37m[1m [22m[39m Collecting build traces  [36m.[39m[2K[1G[1A[2K[1G [37m[1m [22m[39m Finalizing page optimization  [36m..[39m[2K[1G[1A[2K[1G [37m[1m [22m[39m Collecting build traces  [36m..[39m[2K[1G[1A[2K[1G [37m[1m [22m[39m Finalizing page optimization  [36m...[39m[2K[1G[1A[2K[1G [37m[1m [22m[39m Collecting build traces  [36m...[39m[2K[1G[1A[2K[1G [37m[1m [22m[39m Finalizing page optimization  [36m.[39m[2K[1G[1A[2K[1G [37m[1m [22m[39m Collecting build traces  [36m.[39m[2K[1G[1A[2K[1G [37m[1m [22m[39m Finalizing page optimization  [36m..[39m[2K[1G[1A[2K[1G [37m[1m [22m[39m Collecting build traces  [36m..[39m[2K[1G[1A[2K[1G[?25h [37m[1m [22m[39m Collecting build traces     [32m[1m✓[22m[39m Collecting build traces 
[2K[1G[1A[2K[1G [37m[1m [22m[39m Finalizing page optimization  [36m...[39m[2K[1G[1A[2K[1G [37m[1m [22m[39m Finalizing page optimization  [36m.[39m[2K[1G[1A[2K[1G [37m[1m [22m[39m Finalizing page optimization  [36m..[39m[2K[1G[1A[2K[1G [37m[1m [22m[39m Finalizing page optimization  [36m...[39m[2K[1G[1A[2K[1G [37m[1m [22m[39m Finalizing page optimization  [36m.[39m[2K[1G[1A[2K[1G [37m[1m [22m[39m Finalizing page optimization  [36m..[39m[2K[1G[1A[2K[1G [37m[1m [22m[39m Finalizing page optimization  [36m...[39m[2K[1G[1A[2K[1G[?25h [37m[1m [22m[39m Finalizing page optimization     [32m[1m✓[22m[39m Finalizing page optimization 

[4mRoute (app)[24m                                    [4mSize[24m  [4mFirst Load JS[24m  [4mRevalidate[24m  [4mExpire[24m
┌ ○ /                                       5.11 kB         [37m[1m110 kB[22m[39m
├ ○ /_not-found                               990 B         [37m[1m103 kB[22m[39m
├ ƒ /api/auth/sso                             143 B         [37m[1m102 kB[22m[39m
├ ƒ /api/compliance/export                    143 B         [37m[1m102 kB[22m[39m
├ ƒ /api/waitlist                             143 B         [37m[1m102 kB[22m[39m
├ ○ /dashboard                              10.1 kB         [37m[1m115 kB[22m[39m
├ ○ /dashboard/admin                        1.99 kB         [37m[1m106 kB[22m[39m
├ ○ /dashboard/admin/agents                 3.14 kB         [37m[1m105 kB[22m[39m
├ ○ /dashboard/admin/analytics              4.25 kB         [37m[1m106 kB[22m[39m
├ ○ /dashboard/admin/audit                  2.73 kB         [37m[1m105 kB[22m[39m
├ ○ /dashboard/admin/compliance             2.49 kB         [37m[1m104 kB[22m[39m
├ ○ /dashboard/admin/intelligence           1.88 kB         [37m[1m104 kB[22m[39m
├ ○ /dashboard/admin/keys                   5.93 kB         [37m[1m108 kB[22m[39m
├ ○ /dashboard/admin/network                1.66 kB         [37m[1m104 kB[22m[39m
├ ○ /dashboard/admin/policies/builder       2.55 kB         [37m[1m105 kB[22m[39m
├ ○ /dashboard/admin/security               2.01 kB         [37m[1m104 kB[22m[39m
├ ○ /dashboard/analytics                    2.88 kB         [37m[1m105 kB[22m[39m
├ ○ /dashboard/client                       5.26 kB         [37m[1m113 kB[22m[39m
├ ○ /dashboard/compliance/soc2              3.84 kB         [37m[1m106 kB[22m[39m
├ ○ /dashboard/developer/integration        3.08 kB         [37m[1m105 kB[22m[39m
├ ○ /dashboard/engineer                     4.65 kB         [37m[1m112 kB[22m[39m
├ ○ /dashboard/engineer/return              2.71 kB         [37m[1m107 kB[22m[39m
├ ○ /dashboard/enterprise                   5.58 kB         [37m[1m110 kB[22m[39m
├ ○ /dashboard/execution                    4.32 kB         [37m[1m106 kB[22m[39m
├ ○ /dashboard/execution/trace              3.96 kB         [37m[1m106 kB[22m[39m
├ ○ /dashboard/execution/xray               4.13 kB         [37m[1m106 kB[22m[39m
├ ○ /dashboard/infrastructure               1.95 kB         [37m[1m104 kB[22m[39m
├ ○ /dashboard/infrastructure/attestation   4.14 kB         [37m[1m106 kB[22m[39m
├ ○ /dashboard/infrastructure/byoc          2.16 kB         [37m[1m104 kB[22m[39m
├ ○ /dashboard/infrastructure/geography     3.62 kB         [37m[1m106 kB[22m[39m
├ ○ /dashboard/infrastructure/grpc          3.74 kB         [37m[1m106 kB[22m[39m
├ ○ /dashboard/infrastructure/isolation     4.24 kB         [37m[1m106 kB[22m[39m
├ ○ /dashboard/infrastructure/locking       3.83 kB         [37m[1m106 kB[22m[39m
├ ○ /dashboard/infrastructure/recovery      3.18 kB         [37m[1m105 kB[22m[39m
├ ○ /dashboard/infrastructure/versioning    3.13 kB         [37m[1m105 kB[22m[39m
├ ○ /dashboard/intelligence/caching         3.43 kB         [37m[1m105 kB[22m[39m
├ ○ /dashboard/intelligence/consensus       2.14 kB         [37m[1m104 kB[22m[39m
├ ○ /dashboard/intelligence/fingerprint     3.62 kB         [37m[1m106 kB[22m[39m
├ ○ /dashboard/intelligence/rag             4.62 kB         [37m[1m107 kB[22m[39m
├ ○ /dashboard/jobs/new                     8.31 kB         [37m[1m113 kB[22m[39m
├ ○ /dashboard/payouts                      1.99 kB         [37m[1m106 kB[22m[39m
├ ○ /dashboard/security/dlp                 4.12 kB         [37m[1m106 kB[22m[39m
├ ○ /dashboard/security/iam                  3.8 kB         [37m[1m106 kB[22m[39m
├ ○ /dashboard/security/intel               3.07 kB         [37m[1m105 kB[22m[39m
├ ○ /dashboard/security/keys                3.03 kB         [37m[1m105 kB[22m[39m
├ ○ /dashboard/security/oracles             2.06 kB         [37m[1m104 kB[22m[39m
├ ○ /dashboard/security/pqc                    2 kB         [37m[1m104 kB[22m[39m
├ ○ /dashboard/security/vault               2.09 kB         [37m[1m104 kB[22m[39m
├ ○ /dashboard/settings                     2.58 kB         [37m[1m107 kB[22m[39m
├ ○ /dashboard/settings/branding            3.04 kB         [37m[1m105 kB[22m[39m
├ ○ /dashboard/showcase/trust-light         4.88 kB         [37m[1m107 kB[22m[39m
├ ○ /dashboard/sovereign                     5.2 kB         [37m[1m107 kB[22m[39m
├ ○ /dashboard/sovereign/agents             4.01 kB         [37m[1m106 kB[22m[39m
├ ○ /dashboard/sovereign/artifacts          2.88 kB         [37m[1m105 kB[22m[39m
├ ○ /dashboard/sovereign/audit              4.35 kB         [37m[1m106 kB[22m[39m
├ ƒ /dashboard/sovereign/audit/export         143 B         [37m[1m102 kB[22m[39m
├ ○ /dashboard/sovereign/bias                  2 kB         [37m[1m104 kB[22m[39m
├ ○ /dashboard/sovereign/finance            4.86 kB         [37m[1m107 kB[22m[39m
├ ○ /dashboard/sovereign/keys                6.8 kB         [37m[1m109 kB[22m[39m
├ ○ /dashboard/sovereign/ledger               796 B         [37m[1m103 kB[22m[39m
├ ○ /dashboard/sovereign/mesh               2.31 kB         [37m[1m104 kB[22m[39m
├ ○ /dashboard/sovereign/plugins             2.7 kB         [37m[1m105 kB[22m[39m
├ ○ /dashboard/sovereign/red-team           4.57 kB         [37m[1m107 kB[22m[39m
├ ○ /dashboard/sovereign/sci                3.26 kB         [37m[1m105 kB[22m[39m
├ ○ /dashboard/sovereign/verify             3.61 kB         [37m[1m106 kB[22m[39m
├ ○ /dashboard/sovereign/workflows          2.48 kB         [37m[1m108 kB[22m[39m
├ ○ /dashboard/sovereign/workflows/builder  2.87 kB         [37m[1m105 kB[22m[39m
├ ○ /dashboard/workflows                    4.28 kB         [37m[1m109 kB[22m[39m
├ ƒ /dashboard/workflows/[id]/execute       2.18 kB         [37m[1m107 kB[22m[39m
├ ○ /dashboard/workflows/new                2.67 kB         [37m[1m107 kB[22m[39m
├ ○ /developers                             2.33 kB         [37m[1m104 kB[22m[39m
├ ƒ /engineer/[id]                            162 B         [37m[1m106 kB[22m[39m
├ ○ /enterprise                             1.07 kB         [37m[1m103 kB[22m[39m
├ ○ /exchange                                2.1 kB         [37m[1m107 kB[22m[39m
├ ○ /login                                  2.38 kB         [37m[1m110 kB[22m[39m
├ ○ /marketplace                            3.19 kB         [37m[1m111 kB[22m[39m
├ ○ /register                                2.8 kB         [37m[1m111 kB[22m[39m
├ ○ /sitemap.xml                              143 B         [37m[1m102 kB[22m[39m          1d      1y
├ ○ /sovereign/provision                     3.3 kB         [37m[1m109 kB[22m[39m
├ ○ /store                                  1.65 kB         [37m[1m106 kB[22m[39m
├ ƒ /verify/[id]                              160 B         [37m[1m105 kB[22m[39m
└ ○ /waitlist                               3.63 kB         [37m[1m109 kB[22m[39m
+ First Load JS shared by all                [37m[1m102 kB[22m[39m
  ├ chunks/18-7dd75803fe09fb37.js           45.9 kB
  ├ chunks/87c73c54-0375ba195de27293.js     54.2 kB
  └ other shared chunks (total)             1.87 kB


ƒ Middleware                                [37m[1m34.5 kB[22m[39m

○  (Static)   prerendered as static content
ƒ  (Dynamic)  server-rendered on demand

[?25h⠙[1G[0K
